2026-06-09 09:51:01 [INFO] Base de datos: C:\Users\josed\OneDrive\Desktop\Prog\Software 2.0\dist\gestionpro.db
2026-06-09 09:51:01 [INFO] Pantalla: 1536×864  →  SCALE=1.124
2026-06-09 09:51:01 [INFO] === GestiónPro v2.0 iniciando ===
2026-06-09 09:51:11 [INFO] Login: admin
2026-06-09 09:52:39 [INFO] Logo actualizado: C:/Users/josed/Downloads/f8eac68e-2f37-469d-bc86-2a75e5e77925.jpg
2026-06-09 09:52:43 [INFO] Configuración actualizada
2026-06-09 09:52:45 [INFO] === GestiónPro cerrado ===
2026-06-09 09:52:51 [INFO] Base de datos: C:\Users\josed\OneDrive\Desktop\Prog\Software 2.0\dist\gestionpro.db
2026-06-09 09:52:51 [INFO] Pantalla: 1536×864  →  SCALE=1.124
2026-06-09 09:52:51 [INFO] === GestiónPro v2.0 iniciando ===
2026-06-09 09:53:03 [INFO] Login: admin
2026-06-09 09:53:48 [INFO] Producto creado: Airpods pro 2 SKU:715302
2026-06-09 09:53:53 [INFO] === GestiónPro cerrado ===
2026-06-09 09:53:57 [INFO] Base de datos: C:\Users\josed\OneDrive\Desktop\Prog\Software 2.0\dist\gestionpro.db
2026-06-09 09:53:57 [INFO] Pantalla: 1536×864  →  SCALE=1.124
2026-06-09 09:53:57 [INFO] === GestiónPro v2.0 iniciando ===
2026-06-09 09:54:04 [INFO] Login: admin
2026-06-09 09:54:43 [INFO] === GestiónPro cerrado ===
2026-06-09 09:54:48 [INFO] Base de datos: C:\Users\josed\OneDrive\Desktop\Prog\Software 2.0\dist\gestionpro.db
2026-06-09 09:54:48 [INFO] Pantalla: 1536×864  →  SCALE=1.124
2026-06-09 09:54:48 [INFO] === GestiónPro v2.0 iniciando ===
2026-06-09 09:54:57 [INFO] Login: admin
2026-06-09 09:55:07 [INFO] === GestiónPro cerrado ===
